{"C:\\Users\\rosal\\Documents\\Rosales-api-activity\\server.js": {"path":"C:\\Users\\rosal\\Documents\\Rosales-api-activity\\server.js","statementMap":{"0":{"start":{"line":2,"column":0},"end":{"line":2,"column":27}},"1":{"start":{"line":3,"column":16},"end":{"line":3,"column":34}},"2":{"start":{"line":4,"column":18},"end":{"line":4,"column":44}},"3":{"start":{"line":5,"column":18},"end":{"line":5,"column":51}},"4":{"start":{"line":7,"column":12},"end":{"line":7,"column":21}},"5":{"start":{"line":8,"column":0},"end":{"line":8,"column":12}},"6":{"start":{"line":11,"column":0},"end":{"line":11,"column":24}},"7":{"start":{"line":12,"column":0},"end":{"line":12,"column":48}},"8":{"start":{"line":15,"column":17},"end":{"line":15,"column":50}},"9":{"start":{"line":16,"column":0},"end":{"line":16,"column":29}},"10":{"start":{"line":19,"column":0},"end":{"line":24,"column":3}},"11":{"start":{"line":20,"column":2},"end":{"line":23,"column":5}},"12":{"start":{"line":27,"column":0},"end":{"line":31,"column":1}},"13":{"start":{"line":28,"column":2},"end":{"line":30,"column":5}},"14":{"start":{"line":29,"column":4},"end":{"line":29,"column":62}},"15":{"start":{"line":34,"column":0},"end":{"line":34,"column":21}}},"fnMap":{"0":{"name":"(anonymous_0)","decl":{"start":{"line":19,"column":8},"end":{"line":19,"column":9}},"loc":{"start":{"line":19,"column":22},"end":{"line":24,"column":1}},"line":19},"1":{"name":"(anonymous_1)","decl":{"start":{"line":28,"column":39},"end":{"line":28,"column":40}},"loc":{"start":{"line":28,"column":45},"end":{"line":30,"column":3}},"line":28}},"branchMap":{"0":{"loc":{"start":{"line":15,"column":17},"end":{"line":15,"column":50}},"type":"binary-expr","locations":[{"start":{"line":15,"column":17},"end":{"line":15,"column":37}},{"start":{"line":15,"column":41},"end":{"line":15,"column":50}}],"line":15},"1":{"loc":{"start":{"line":27,"column":0},"end":{"line":31,"column":1}},"type":"if","locations":[{"start":{"line":27,"column":0},"end":{"line":31,"column":1}},{"start":{},"end":{}}],"line":27},"2":{"loc":{"start":{"line":28,"column":13},"end":{"line":28,"column":37}},"type":"binary-expr","locations":[{"start":{"line":28,"column":13},"end":{"line":28,"column":29}},{"start":{"line":28,"column":33},"end":{"line":28,"column":37}}],"line":28}},"s":{"0":1,"1":1,"2":1,"3":1,"4":1,"5":1,"6":1,"7":1,"8":1,"9":1,"10":1,"11":0,"12":1,"13":0,"14":0,"15":1},"f":{"0":0,"1":0},"b":{"0":[1,0],"1":[0,1],"2":[0,0]},"_coverageSchema":"1a1c01bbd47fc00a2c39e90264f33305004495a9","hash":"0f6afbe6d4a9d9efacfa4579f28978b31b99fae4"}
,"C:\\Users\\rosal\\Documents\\Rosales-api-activity\\src\\config\\db.js": {"path":"C:\\Users\\rosal\\Documents\\Rosales-api-activity\\src\\config\\db.js","statementMap":{"0":{"start":{"line":1,"column":17},"end":{"line":1,"column":36}},"1":{"start":{"line":3,"column":18},"end":{"line":18,"column":1}},"2":{"start":{"line":5,"column":2},"end":{"line":7,"column":3}},"3":{"start":{"line":6,"column":4},"end":{"line":6,"column":11}},"4":{"start":{"line":9,"column":2},"end":{"line":17,"column":3}},"5":{"start":{"line":10,"column":17},"end":{"line":10,"column":62}},"6":{"start":{"line":12,"column":4},"end":{"line":12,"column":62}},"7":{"start":{"line":15,"column":4},"end":{"line":15,"column":45}},"8":{"start":{"line":16,"column":4},"end":{"line":16,"column":20}},"9":{"start":{"line":20,"column":0},"end":{"line":20,"column":27}}},"fnMap":{"0":{"name":"(anonymous_0)","decl":{"start":{"line":3,"column":18},"end":{"line":3,"column":19}},"loc":{"start":{"line":3,"column":30},"end":{"line":18,"column":1}},"line":3}},"branchMap":{"0":{"loc":{"start":{"line":5,"column":2},"end":{"line":7,"column":3}},"type":"if","locations":[{"start":{"line":5,"column":2},"end":{"line":7,"column":3}},{"start":{},"end":{}}],"line":5}},"s":{"0":1,"1":1,"2":1,"3":1,"4":0,"5":0,"6":0,"7":0,"8":0,"9":1},"f":{"0":1},"b":{"0":[1,0]},"_coverageSchema":"1a1c01bbd47fc00a2c39e90264f33305004495a9","hash":"d4ab95407614570bb3ff477802c7907010a5ddba"}
,"C:\\Users\\rosal\\Documents\\Rosales-api-activity\\src\\controllers\\authController.js": {"path":"C:\\Users\\rosal\\Documents\\Rosales-api-activity\\src\\controllers\\authController.js","statementMap":{"0":{"start":{"line":1,"column":13},"end":{"line":1,"column":43}},"1":{"start":{"line":2,"column":12},"end":{"line":2,"column":35}},"2":{"start":{"line":4,"column":22},"end":{"line":8,"column":1}},"3":{"start":{"line":5,"column":4},"end":{"line":7,"column":7}},"4":{"start":{"line":10,"column":0},"end":{"line":53,"column":2}},"5":{"start":{"line":11,"column":4},"end":{"line":52,"column":5}},"6":{"start":{"line":12,"column":46},"end":{"line":12,"column":54}},"7":{"start":{"line":15,"column":8},"end":{"line":19,"column":9}},"8":{"start":{"line":16,"column":12},"end":{"line":18,"column":15}},"9":{"start":{"line":22,"column":8},"end":{"line":22,"column":43}},"10":{"start":{"line":24,"column":27},"end":{"line":24,"column":56}},"11":{"start":{"line":25,"column":8},"end":{"line":27,"column":9}},"12":{"start":{"line":26,"column":12},"end":{"line":26,"column":76}},"13":{"start":{"line":29,"column":21},"end":{"line":34,"column":10}},"14":{"start":{"line":35,"column":8},"end":{"line":41,"column":11}},"15":{"start":{"line":44,"column":8},"end":{"line":46,"column":9}},"16":{"start":{"line":45,"column":12},"end":{"line":45,"column":76}},"17":{"start":{"line":48,"column":8},"end":{"line":50,"column":9}},"18":{"start":{"line":49,"column":12},"end":{"line":49,"column":68}},"19":{"start":{"line":51,"column":8},"end":{"line":51,"column":57}},"20":{"start":{"line":55,"column":0},"end":{"line":81,"column":2}},"21":{"start":{"line":56,"column":4},"end":{"line":80,"column":5}},"22":{"start":{"line":57,"column":34},"end":{"line":57,"column":42}},"23":{"start":{"line":60,"column":8},"end":{"line":62,"column":9}},"24":{"start":{"line":61,"column":12},"end":{"line":61,"column":88}},"25":{"start":{"line":64,"column":8},"end":{"line":64,"column":43}},"26":{"start":{"line":66,"column":21},"end":{"line":66,"column":50}},"27":{"start":{"line":67,"column":8},"end":{"line":77,"column":9}},"28":{"start":{"line":68,"column":12},"end":{"line":74,"column":15}},"29":{"start":{"line":76,"column":12},"end":{"line":76,"column":75}},"30":{"start":{"line":79,"column":8},"end":{"line":79,"column":57}},"31":{"start":{"line":84,"column":0},"end":{"line":94,"column":2}},"32":{"start":{"line":85,"column":4},"end":{"line":93,"column":5}},"33":{"start":{"line":86,"column":21},"end":{"line":86,"column":64}},"34":{"start":{"line":87,"column":8},"end":{"line":89,"column":9}},"35":{"start":{"line":88,"column":12},"end":{"line":88,"column":71}},"36":{"start":{"line":90,"column":8},"end":{"line":90,"column":46}},"37":{"start":{"line":92,"column":8},"end":{"line":92,"column":57}}},"fnMap":{"0":{"name":"(anonymous_0)","decl":{"start":{"line":4,"column":22},"end":{"line":4,"column":23}},"loc":{"start":{"line":4,"column":36},"end":{"line":8,"column":1}},"line":4},"1":{"name":"(anonymous_1)","decl":{"start":{"line":10,"column":23},"end":{"line":10,"column":24}},"loc":{"start":{"line":10,"column":43},"end":{"line":53,"column":1}},"line":10},"2":{"name":"(anonymous_2)","decl":{"start":{"line":55,"column":20},"end":{"line":55,"column":21}},"loc":{"start":{"line":55,"column":40},"end":{"line":81,"column":1}},"line":55},"3":{"name":"(anonymous_3)","decl":{"start":{"line":84,"column":21},"end":{"line":84,"column":22}},"loc":{"start":{"line":84,"column":41},"end":{"line":94,"column":1}},"line":84}},"branchMap":{"0":{"loc":{"start":{"line":15,"column":8},"end":{"line":19,"column":9}},"type":"if","locations":[{"start":{"line":15,"column":8},"end":{"line":19,"column":9}},{"start":{},"end":{}}],"line":15},"1":{"loc":{"start":{"line":15,"column":12},"end":{"line":15,"column":40}},"type":"binary-expr","locations":[{"start":{"line":15,"column":12},"end":{"line":15,"column":17}},{"start":{"line":15,"column":21},"end":{"line":15,"column":27}},{"start":{"line":15,"column":31},"end":{"line":15,"column":40}}],"line":15},"2":{"loc":{"start":{"line":25,"column":8},"end":{"line":27,"column":9}},"type":"if","locations":[{"start":{"line":25,"column":8},"end":{"line":27,"column":9}},{"start":{},"end":{}}],"line":25},"3":{"loc":{"start":{"line":44,"column":8},"end":{"line":46,"column":9}},"type":"if","locations":[{"start":{"line":44,"column":8},"end":{"line":46,"column":9}},{"start":{},"end":{}}],"line":44},"4":{"loc":{"start":{"line":48,"column":8},"end":{"line":50,"column":9}},"type":"if","locations":[{"start":{"line":48,"column":8},"end":{"line":50,"column":9}},{"start":{},"end":{}}],"line":48},"5":{"loc":{"start":{"line":60,"column":8},"end":{"line":62,"column":9}},"type":"if","locations":[{"start":{"line":60,"column":8},"end":{"line":62,"column":9}},{"start":{},"end":{}}],"line":60},"6":{"loc":{"start":{"line":60,"column":12},"end":{"line":60,"column":31}},"type":"binary-expr","locations":[{"start":{"line":60,"column":12},"end":{"line":60,"column":18}},{"start":{"line":60,"column":22},"end":{"line":60,"column":31}}],"line":60},"7":{"loc":{"start":{"line":67,"column":8},"end":{"line":77,"column":9}},"type":"if","locations":[{"start":{"line":67,"column":8},"end":{"line":77,"column":9}},{"start":{"line":75,"column":15},"end":{"line":77,"column":9}}],"line":67},"8":{"loc":{"start":{"line":67,"column":12},"end":{"line":67,"column":56}},"type":"binary-expr","locations":[{"start":{"line":67,"column":12},"end":{"line":67,"column":16}},{"start":{"line":67,"column":21},"end":{"line":67,"column":55}}],"line":67},"9":{"loc":{"start":{"line":87,"column":8},"end":{"line":89,"column":9}},"type":"if","locations":[{"start":{"line":87,"column":8},"end":{"line":89,"column":9}},{"start":{},"end":{}}],"line":87}},"s":{"0":1,"1":1,"2":1,"3":2,"4":1,"5":1,"6":1,"7":1,"8":0,"9":1,"10":1,"11":1,"12":0,"13":1,"14":1,"15":0,"16":0,"17":0,"18":0,"19":0,"20":1,"21":1,"22":1,"23":1,"24":0,"25":1,"26":1,"27":1,"28":1,"29":0,"30":0,"31":1,"32":0,"33":0,"34":0,"35":0,"36":0,"37":0},"f":{"0":2,"1":1,"2":1,"3":0},"b":{"0":[0,1],"1":[1,1,1],"2":[0,1],"3":[0,0],"4":[0,0],"5":[0,1],"6":[1,1],"7":[1,0],"8":[1,1],"9":[0,0]},"_coverageSchema":"1a1c01bbd47fc00a2c39e90264f33305004495a9","hash":"d2f443bbe8a6318147a7df2c0f293416780221f2"}
,"C:\\Users\\rosal\\Documents\\Rosales-api-activity\\src\\controllers\\roomController.js": {"path":"C:\\Users\\rosal\\Documents\\Rosales-api-activity\\src\\controllers\\roomController.js","statementMap":{"0":{"start":{"line":1,"column":13},"end":{"line":1,"column":43}},"1":{"start":{"line":6,"column":20},"end":{"line":13,"column":1}},"2":{"start":{"line":7,"column":4},"end":{"line":12,"column":5}},"3":{"start":{"line":8,"column":22},"end":{"line":8,"column":39}},"4":{"start":{"line":9,"column":8},"end":{"line":9,"column":36}},"5":{"start":{"line":11,"column":8},"end":{"line":11,"column":57}},"6":{"start":{"line":17,"column":19},"end":{"line":36,"column":1}},"7":{"start":{"line":18,"column":4},"end":{"line":35,"column":5}},"8":{"start":{"line":19,"column":58},"end":{"line":19,"column":66}},"9":{"start":{"line":22,"column":8},"end":{"line":26,"column":9}},"10":{"start":{"line":23,"column":12},"end":{"line":25,"column":15}},"11":{"start":{"line":28,"column":24},"end":{"line":28,"column":84}},"12":{"start":{"line":29,"column":8},"end":{"line":29,"column":38}},"13":{"start":{"line":31,"column":8},"end":{"line":33,"column":9}},"14":{"start":{"line":32,"column":12},"end":{"line":32,"column":68}},"15":{"start":{"line":34,"column":8},"end":{"line":34,"column":57}},"16":{"start":{"line":40,"column":20},"end":{"line":50,"column":1}},"17":{"start":{"line":41,"column":4},"end":{"line":49,"column":5}},"18":{"start":{"line":42,"column":21},"end":{"line":42,"column":55}},"19":{"start":{"line":43,"column":8},"end":{"line":45,"column":9}},"20":{"start":{"line":44,"column":12},"end":{"line":44,"column":71}},"21":{"start":{"line":46,"column":8},"end":{"line":46,"column":35}},"22":{"start":{"line":48,"column":8},"end":{"line":48,"column":57}},"23":{"start":{"line":54,"column":19},"end":{"line":66,"column":1}},"24":{"start":{"line":55,"column":4},"end":{"line":65,"column":5}},"25":{"start":{"line":56,"column":21},"end":{"line":58,"column":11}},"26":{"start":{"line":59,"column":8},"end":{"line":61,"column":9}},"27":{"start":{"line":60,"column":12},"end":{"line":60,"column":71}},"28":{"start":{"line":62,"column":8},"end":{"line":62,"column":35}},"29":{"start":{"line":64,"column":8},"end":{"line":64,"column":57}},"30":{"start":{"line":70,"column":19},"end":{"line":80,"column":1}},"31":{"start":{"line":71,"column":4},"end":{"line":79,"column":5}},"32":{"start":{"line":72,"column":21},"end":{"line":72,"column":64}},"33":{"start":{"line":73,"column":8},"end":{"line":75,"column":9}},"34":{"start":{"line":74,"column":12},"end":{"line":74,"column":71}},"35":{"start":{"line":76,"column":8},"end":{"line":76,"column":71}},"36":{"start":{"line":78,"column":8},"end":{"line":78,"column":57}},"37":{"start":{"line":82,"column":26},"end":{"line":93,"column":1}},"38":{"start":{"line":83,"column":4},"end":{"line":92,"column":5}},"39":{"start":{"line":84,"column":21},"end":{"line":88,"column":9}},"40":{"start":{"line":89,"column":8},"end":{"line":89,"column":23}},"41":{"start":{"line":91,"column":8},"end":{"line":91,"column":53}},"42":{"start":{"line":96,"column":0},"end":{"line":103,"column":2}}},"fnMap":{"0":{"name":"(anonymous_0)","decl":{"start":{"line":6,"column":20},"end":{"line":6,"column":21}},"loc":{"start":{"line":6,"column":40},"end":{"line":13,"column":1}},"line":6},"1":{"name":"(anonymous_1)","decl":{"start":{"line":17,"column":19},"end":{"line":17,"column":20}},"loc":{"start":{"line":17,"column":39},"end":{"line":36,"column":1}},"line":17},"2":{"name":"(anonymous_2)","decl":{"start":{"line":40,"column":20},"end":{"line":40,"column":21}},"loc":{"start":{"line":40,"column":40},"end":{"line":50,"column":1}},"line":40},"3":{"name":"(anonymous_3)","decl":{"start":{"line":54,"column":19},"end":{"line":54,"column":20}},"loc":{"start":{"line":54,"column":39},"end":{"line":66,"column":1}},"line":54},"4":{"name":"(anonymous_4)","decl":{"start":{"line":70,"column":19},"end":{"line":70,"column":20}},"loc":{"start":{"line":70,"column":39},"end":{"line":80,"column":1}},"line":70},"5":{"name":"(anonymous_5)","decl":{"start":{"line":82,"column":26},"end":{"line":82,"column":27}},"loc":{"start":{"line":82,"column":46},"end":{"line":93,"column":1}},"line":82}},"branchMap":{"0":{"loc":{"start":{"line":22,"column":8},"end":{"line":26,"column":9}},"type":"if","locations":[{"start":{"line":22,"column":8},"end":{"line":26,"column":9}},{"start":{},"end":{}}],"line":22},"1":{"loc":{"start":{"line":22,"column":12},"end":{"line":22,"column":49}},"type":"binary-expr","locations":[{"start":{"line":22,"column":12},"end":{"line":22,"column":17}},{"start":{"line":22,"column":21},"end":{"line":22,"column":26}},{"start":{"line":22,"column":30},"end":{"line":22,"column":49}}],"line":22},"2":{"loc":{"start":{"line":31,"column":8},"end":{"line":33,"column":9}},"type":"if","locations":[{"start":{"line":31,"column":8},"end":{"line":33,"column":9}},{"start":{},"end":{}}],"line":31},"3":{"loc":{"start":{"line":43,"column":8},"end":{"line":45,"column":9}},"type":"if","locations":[{"start":{"line":43,"column":8},"end":{"line":45,"column":9}},{"start":{},"end":{}}],"line":43},"4":{"loc":{"start":{"line":59,"column":8},"end":{"line":61,"column":9}},"type":"if","locations":[{"start":{"line":59,"column":8},"end":{"line":61,"column":9}},{"start":{},"end":{}}],"line":59},"5":{"loc":{"start":{"line":73,"column":8},"end":{"line":75,"column":9}},"type":"if","locations":[{"start":{"line":73,"column":8},"end":{"line":75,"column":9}},{"start":{},"end":{}}],"line":73}},"s":{"0":2,"1":2,"2":3,"3":3,"4":2,"5":1,"6":2,"7":2,"8":2,"9":2,"10":0,"11":2,"12":2,"13":0,"14":0,"15":0,"16":2,"17":0,"18":0,"19":0,"20":0,"21":0,"22":0,"23":2,"24":0,"25":0,"26":0,"27":0,"28":0,"29":0,"30":2,"31":0,"32":0,"33":0,"34":0,"35":0,"36":0,"37":2,"38":0,"39":0,"40":0,"41":0,"42":2},"f":{"0":3,"1":2,"2":0,"3":0,"4":0,"5":0},"b":{"0":[0,2],"1":[2,2,2],"2":[0,0],"3":[0,0],"4":[0,0],"5":[0,0]},"_coverageSchema":"1a1c01bbd47fc00a2c39e90264f33305004495a9","hash":"370ce69e0de52ef4fad9dffa80cd4c16463264a8"}
,"C:\\Users\\rosal\\Documents\\Rosales-api-activity\\src\\controllers\\test\\dbHelper.js": {"path":"C:\\Users\\rosal\\Documents\\Rosales-api-activity\\src\\controllers\\test\\dbHelper.js","statementMap":{"0":{"start":{"line":1,"column":17},"end":{"line":1,"column":36}},"1":{"start":{"line":2,"column":30},"end":{"line":2,"column":62}},"2":{"start":{"line":7,"column":0},"end":{"line":21,"column":2}},"3":{"start":{"line":8,"column":2},"end":{"line":20,"column":3}},"4":{"start":{"line":10,"column":4},"end":{"line":12,"column":5}},"5":{"start":{"line":11,"column":6},"end":{"line":11,"column":34}},"6":{"start":{"line":14,"column":4},"end":{"line":14,"column":51}},"7":{"start":{"line":15,"column":16},"end":{"line":15,"column":36}},"8":{"start":{"line":16,"column":4},"end":{"line":16,"column":32}},"9":{"start":{"line":18,"column":4},"end":{"line":18,"column":69}},"10":{"start":{"line":19,"column":4},"end":{"line":19,"column":16}},"11":{"start":{"line":24,"column":0},"end":{"line":37,"column":2}},"12":{"start":{"line":25,"column":2},"end":{"line":36,"column":3}},"13":{"start":{"line":26,"column":4},"end":{"line":29,"column":5}},"14":{"start":{"line":27,"column":6},"end":{"line":27,"column":47}},"15":{"start":{"line":28,"column":6},"end":{"line":28,"column":40}},"16":{"start":{"line":30,"column":4},"end":{"line":32,"column":5}},"17":{"start":{"line":31,"column":6},"end":{"line":31,"column":31}},"18":{"start":{"line":34,"column":4},"end":{"line":34,"column":54}},"19":{"start":{"line":35,"column":4},"end":{"line":35,"column":16}},"20":{"start":{"line":40,"column":0},"end":{"line":47,"column":2}},"21":{"start":{"line":42,"column":20},"end":{"line":42,"column":51}},"22":{"start":{"line":43,"column":0},"end":{"line":46,"column":1}},"23":{"start":{"line":44,"column":19},"end":{"line":44,"column":35}},"24":{"start":{"line":45,"column":0},"end":{"line":45,"column":30}}},"fnMap":{"0":{"name":"(anonymous_0)","decl":{"start":{"line":7,"column":18},"end":{"line":7,"column":19}},"loc":{"start":{"line":7,"column":30},"end":{"line":21,"column":1}},"line":7},"1":{"name":"(anonymous_1)","decl":{"start":{"line":24,"column":24},"end":{"line":24,"column":25}},"loc":{"start":{"line":24,"column":36},"end":{"line":37,"column":1}},"line":24},"2":{"name":"(anonymous_2)","decl":{"start":{"line":40,"column":24},"end":{"line":40,"column":25}},"loc":{"start":{"line":40,"column":36},"end":{"line":47,"column":1}},"line":40}},"branchMap":{"0":{"loc":{"start":{"line":10,"column":4},"end":{"line":12,"column":5}},"type":"if","locations":[{"start":{"line":10,"column":4},"end":{"line":12,"column":5}},{"start":{},"end":{}}],"line":10},"1":{"loc":{"start":{"line":26,"column":4},"end":{"line":29,"column":5}},"type":"if","locations":[{"start":{"line":26,"column":4},"end":{"line":29,"column":5}},{"start":{},"end":{}}],"line":26},"2":{"loc":{"start":{"line":30,"column":4},"end":{"line":32,"column":5}},"type":"if","locations":[{"start":{"line":30,"column":4},"end":{"line":32,"column":5}},{"start":{},"end":{}}],"line":30}},"s":{"0":1,"1":1,"2":1,"3":1,"4":1,"5":0,"6":1,"7":1,"8":1,"9":0,"10":0,"11":1,"12":1,"13":1,"14":1,"15":1,"16":1,"17":1,"18":0,"19":0,"20":1,"21":2,"22":2,"23":8,"24":8},"f":{"0":1,"1":1,"2":2},"b":{"0":[0,1],"1":[1,0],"2":[1,0]},"_coverageSchema":"1a1c01bbd47fc00a2c39e90264f33305004495a9","hash":"bbd22fbd54d69a6126a576e70e2a3d2de21aa5e4"}
,"C:\\Users\\rosal\\Documents\\Rosales-api-activity\\src\\middleware\\authMiddleware.js": {"path":"C:\\Users\\rosal\\Documents\\Rosales-api-activity\\src\\middleware\\authMiddleware.js","statementMap":{"0":{"start":{"line":1,"column":12},"end":{"line":1,"column":35}},"1":{"start":{"line":2,"column":13},"end":{"line":2,"column":43}},"2":{"start":{"line":4,"column":0},"end":{"line":31,"column":2}},"3":{"start":{"line":8,"column":4},"end":{"line":10,"column":5}},"4":{"start":{"line":9,"column":8},"end":{"line":9,"column":56}},"5":{"start":{"line":13,"column":4},"end":{"line":15,"column":5}},"6":{"start":{"line":14,"column":8},"end":{"line":14,"column":31}},"7":{"start":{"line":16,"column":4},"end":{"line":18,"column":5}},"8":{"start":{"line":17,"column":8},"end":{"line":17,"column":32}},"9":{"start":{"line":20,"column":4},"end":{"line":22,"column":5}},"10":{"start":{"line":21,"column":8},"end":{"line":21,"column":86}},"11":{"start":{"line":24,"column":4},"end":{"line":30,"column":5}},"12":{"start":{"line":25,"column":24},"end":{"line":25,"column":65}},"13":{"start":{"line":26,"column":8},"end":{"line":26,"column":71}},"14":{"start":{"line":27,"column":8},"end":{"line":27,"column":15}},"15":{"start":{"line":29,"column":8},"end":{"line":29,"column":81}},"16":{"start":{"line":33,"column":0},"end":{"line":41,"column":2}},"17":{"start":{"line":34,"column":4},"end":{"line":40,"column":6}},"18":{"start":{"line":35,"column":8},"end":{"line":38,"column":9}},"19":{"start":{"line":36,"column":12},"end":{"line":37,"column":96}},"20":{"start":{"line":39,"column":8},"end":{"line":39,"column":15}}},"fnMap":{"0":{"name":"(anonymous_0)","decl":{"start":{"line":4,"column":18},"end":{"line":4,"column":19}},"loc":{"start":{"line":4,"column":44},"end":{"line":31,"column":1}},"line":4},"1":{"name":"(anonymous_1)","decl":{"start":{"line":33,"column":20},"end":{"line":33,"column":21}},"loc":{"start":{"line":33,"column":34},"end":{"line":41,"column":1}},"line":33},"2":{"name":"(anonymous_2)","decl":{"start":{"line":34,"column":11},"end":{"line":34,"column":12}},"loc":{"start":{"line":34,"column":31},"end":{"line":40,"column":5}},"line":34}},"branchMap":{"0":{"loc":{"start":{"line":8,"column":4},"end":{"line":10,"column":5}},"type":"if","locations":[{"start":{"line":8,"column":4},"end":{"line":10,"column":5}},{"start":{},"end":{}}],"line":8},"1":{"loc":{"start":{"line":8,"column":8},"end":{"line":8,"column":83}},"type":"binary-expr","locations":[{"start":{"line":8,"column":8},"end":{"line":8,"column":33}},{"start":{"line":8,"column":37},"end":{"line":8,"column":83}}],"line":8},"2":{"loc":{"start":{"line":13,"column":4},"end":{"line":15,"column":5}},"type":"if","locations":[{"start":{"line":13,"column":4},"end":{"line":15,"column":5}},{"start":{},"end":{}}],"line":13},"3":{"loc":{"start":{"line":13,"column":8},"end":{"line":13,"column":44}},"type":"binary-expr","locations":[{"start":{"line":13,"column":8},"end":{"line":13,"column":14}},{"start":{"line":13,"column":18},"end":{"line":13,"column":26}},{"start":{"line":13,"column":30},"end":{"line":13,"column":44}}],"line":13},"4":{"loc":{"start":{"line":16,"column":4},"end":{"line":18,"column":5}},"type":"if","locations":[{"start":{"line":16,"column":4},"end":{"line":18,"column":5}},{"start":{},"end":{}}],"line":16},"5":{"loc":{"start":{"line":16,"column":8},"end":{"line":16,"column":46}},"type":"binary-expr","locations":[{"start":{"line":16,"column":8},"end":{"line":16,"column":14}},{"start":{"line":16,"column":18},"end":{"line":16,"column":27}},{"start":{"line":16,"column":31},"end":{"line":16,"column":46}}],"line":16},"6":{"loc":{"start":{"line":20,"column":4},"end":{"line":22,"column":5}},"type":"if","locations":[{"start":{"line":20,"column":4},"end":{"line":22,"column":5}},{"start":{},"end":{}}],"line":20},"7":{"loc":{"start":{"line":35,"column":8},"end":{"line":38,"column":9}},"type":"if","locations":[{"start":{"line":35,"column":8},"end":{"line":38,"column":9}},{"start":{},"end":{}}],"line":35}},"s":{"0":2,"1":2,"2":2,"3":3,"4":2,"5":3,"6":0,"7":3,"8":0,"9":3,"10":1,"11":2,"12":2,"13":2,"14":2,"15":0,"16":2,"17":4,"18":1,"19":0,"20":1},"f":{"0":3,"1":4,"2":1},"b":{"0":[2,1],"1":[3,2],"2":[0,3],"3":[3,1,1],"4":[0,3],"5":[3,1,1],"6":[1,2],"7":[0,1]},"_coverageSchema":"1a1c01bbd47fc00a2c39e90264f33305004495a9","hash":"832d2ffebfcd7e5d5071ff89ba1cedeb48f3c733"}
,"C:\\Users\\rosal\\Documents\\Rosales-api-activity\\src\\models\\bookingModel.js": {"path":"C:\\Users\\rosal\\Documents\\Rosales-api-activity\\src\\models\\bookingModel.js","statementMap":{"0":{"start":{"line":1,"column":17},"end":{"line":1,"column":36}},"1":{"start":{"line":2,"column":18},"end":{"line":2,"column":40}},"2":{"start":{"line":4,"column":22},"end":{"line":22,"column":2}},"3":{"start":{"line":24,"column":0},"end":{"line":24,"column":58}}},"fnMap":{},"branchMap":{},"s":{"0":1,"1":1,"2":1,"3":1},"f":{},"b":{},"_coverageSchema":"1a1c01bbd47fc00a2c39e90264f33305004495a9","hash":"df1ed929e4cbe4989c49787464a1d197d3d3c4c1"}
,"C:\\Users\\rosal\\Documents\\Rosales-api-activity\\src\\models\\guestModel.js": {"path":"C:\\Users\\rosal\\Documents\\Rosales-api-activity\\src\\models\\guestModel.js","statementMap":{"0":{"start":{"line":1,"column":17},"end":{"line":1,"column":36}},"1":{"start":{"line":3,"column":20},"end":{"line":11,"column":2}},"2":{"start":{"line":13,"column":0},"end":{"line":13,"column":54}}},"fnMap":{},"branchMap":{},"s":{"0":1,"1":1,"2":1},"f":{},"b":{},"_coverageSchema":"1a1c01bbd47fc00a2c39e90264f33305004495a9","hash":"739475d54cd4454aab8cd3f290d4ed6345e7451d"}
,"C:\\Users\\rosal\\Documents\\Rosales-api-activity\\src\\models\\roomModel.js": {"path":"C:\\Users\\rosal\\Documents\\Rosales-api-activity\\src\\models\\roomModel.js","statementMap":{"0":{"start":{"line":1,"column":17},"end":{"line":1,"column":36}},"1":{"start":{"line":3,"column":19},"end":{"line":39,"column":2}},"2":{"start":{"line":41,"column":0},"end":{"line":41,"column":52}}},"fnMap":{},"branchMap":{},"s":{"0":2,"1":2,"2":2},"f":{},"b":{},"_coverageSchema":"1a1c01bbd47fc00a2c39e90264f33305004495a9","hash":"563d8231b5cfeb6384af901be1cdf0990091b8e7"}
,"C:\\Users\\rosal\\Documents\\Rosales-api-activity\\src\\models\\userModel.js": {"path":"C:\\Users\\rosal\\Documents\\Rosales-api-activity\\src\\models\\userModel.js","statementMap":{"0":{"start":{"line":1,"column":17},"end":{"line":1,"column":36}},"1":{"start":{"line":2,"column":15},"end":{"line":2,"column":34}},"2":{"start":{"line":4,"column":19},"end":{"line":29,"column":2}},"3":{"start":{"line":31,"column":0},"end":{"line":38,"column":3}},"4":{"start":{"line":32,"column":4},"end":{"line":34,"column":5}},"5":{"start":{"line":33,"column":8},"end":{"line":33,"column":15}},"6":{"start":{"line":36,"column":17},"end":{"line":36,"column":41}},"7":{"start":{"line":37,"column":4},"end":{"line":37,"column":59}},"8":{"start":{"line":40,"column":0},"end":{"line":42,"column":2}},"9":{"start":{"line":41,"column":4},"end":{"line":41,"column":64}},"10":{"start":{"line":44,"column":0},"end":{"line":44,"column":52}}},"fnMap":{"0":{"name":"(anonymous_0)","decl":{"start":{"line":31,"column":23},"end":{"line":31,"column":24}},"loc":{"start":{"line":31,"column":41},"end":{"line":38,"column":1}},"line":31},"1":{"name":"(anonymous_1)","decl":{"start":{"line":40,"column":35},"end":{"line":40,"column":36}},"loc":{"start":{"line":40,"column":68},"end":{"line":42,"column":1}},"line":40}},"branchMap":{"0":{"loc":{"start":{"line":32,"column":4},"end":{"line":34,"column":5}},"type":"if","locations":[{"start":{"line":32,"column":4},"end":{"line":34,"column":5}},{"start":{},"end":{}}],"line":32}},"s":{"0":2,"1":2,"2":2,"3":2,"4":1,"5":0,"6":1,"7":1,"8":2,"9":1,"10":2},"f":{"0":1,"1":1},"b":{"0":[0,1]},"_coverageSchema":"1a1c01bbd47fc00a2c39e90264f33305004495a9","hash":"2bbc75343872f1f8e254e9e60b88bc18c33efcde"}
,"C:\\Users\\rosal\\Documents\\Rosales-api-activity\\src\\routes\\apiRoutes.js": {"path":"C:\\Users\\rosal\\Documents\\Rosales-api-activity\\src\\routes\\apiRoutes.js","statementMap":{"0":{"start":{"line":1,"column":16},"end":{"line":1,"column":34}},"1":{"start":{"line":2,"column":15},"end":{"line":2,"column":31}},"2":{"start":{"line":4,"column":19},"end":{"line":4,"column":42}},"3":{"start":{"line":5,"column":20},"end":{"line":5,"column":44}},"4":{"start":{"line":6,"column":22},"end":{"line":6,"column":48}},"5":{"start":{"line":7,"column":19},"end":{"line":7,"column":42}},"6":{"start":{"line":9,"column":0},"end":{"line":9,"column":33}},"7":{"start":{"line":10,"column":0},"end":{"line":10,"column":35}},"8":{"start":{"line":11,"column":0},"end":{"line":11,"column":39}},"9":{"start":{"line":12,"column":0},"end":{"line":12,"column":32}},"10":{"start":{"line":14,"column":0},"end":{"line":14,"column":24}}},"fnMap":{},"branchMap":{},"s":{"0":1,"1":1,"2":1,"3":1,"4":1,"5":1,"6":1,"7":1,"8":1,"9":1,"10":1},"f":{},"b":{},"_coverageSchema":"1a1c01bbd47fc00a2c39e90264f33305004495a9","hash":"cb86c18e3af5ed815d770d526378a89ef0d595b9"}
,"C:\\Users\\rosal\\Documents\\Rosales-api-activity\\src\\routes\\authRoutes.js": {"path":"C:\\Users\\rosal\\Documents\\Rosales-api-activity\\src\\routes\\authRoutes.js","statementMap":{"0":{"start":{"line":1,"column":16},"end":{"line":1,"column":34}},"1":{"start":{"line":2,"column":15},"end":{"line":2,"column":31}},"2":{"start":{"line":3,"column":46},"end":{"line":3,"column":86}},"3":{"start":{"line":4,"column":31},"end":{"line":4,"column":70}},"4":{"start":{"line":6,"column":0},"end":{"line":6,"column":39}},"5":{"start":{"line":7,"column":0},"end":{"line":7,"column":33}},"6":{"start":{"line":10,"column":0},"end":{"line":10,"column":63}},"7":{"start":{"line":12,"column":0},"end":{"line":12,"column":24}}},"fnMap":{},"branchMap":{},"s":{"0":1,"1":1,"2":1,"3":1,"4":1,"5":1,"6":1,"7":1},"f":{},"b":{},"_coverageSchema":"1a1c01bbd47fc00a2c39e90264f33305004495a9","hash":"1335f8ed9b209101c1eafb2a861f421d4dd974cf"}
,"C:\\Users\\rosal\\Documents\\Rosales-api-activity\\src\\routes\\bookingRoutes.js": {"path":"C:\\Users\\rosal\\Documents\\Rosales-api-activity\\src\\routes\\bookingRoutes.js","statementMap":{"0":{"start":{"line":1,"column":16},"end":{"line":1,"column":34}},"1":{"start":{"line":2,"column":15},"end":{"line":2,"column":31}},"2":{"start":{"line":3,"column":16},"end":{"line":3,"column":49}},"3":{"start":{"line":6,"column":0},"end":{"line":18,"column":3}},"4":{"start":{"line":7,"column":2},"end":{"line":17,"column":3}},"5":{"start":{"line":8,"column":47},"end":{"line":8,"column":55}},"6":{"start":{"line":9,"column":4},"end":{"line":11,"column":5}},"7":{"start":{"line":10,"column":6},"end":{"line":10,"column":87}},"8":{"start":{"line":12,"column":20},"end":{"line":12,"column":76}},"9":{"start":{"line":13,"column":4},"end":{"line":13,"column":34}},"10":{"start":{"line":15,"column":19},"end":{"line":15,"column":61}},"11":{"start":{"line":16,"column":4},"end":{"line":16,"column":52}},"12":{"start":{"line":20,"column":0},"end":{"line":20,"column":24}}},"fnMap":{"0":{"name":"(anonymous_0)","decl":{"start":{"line":6,"column":17},"end":{"line":6,"column":18}},"loc":{"start":{"line":6,"column":37},"end":{"line":18,"column":1}},"line":6}},"branchMap":{"0":{"loc":{"start":{"line":9,"column":4},"end":{"line":11,"column":5}},"type":"if","locations":[{"start":{"line":9,"column":4},"end":{"line":11,"column":5}},{"start":{},"end":{}}],"line":9},"1":{"loc":{"start":{"line":9,"column":8},"end":{"line":9,"column":23}},"type":"binary-expr","locations":[{"start":{"line":9,"column":8},"end":{"line":9,"column":13}},{"start":{"line":9,"column":17},"end":{"line":9,"column":23}}],"line":9},"2":{"loc":{"start":{"line":15,"column":19},"end":{"line":15,"column":61}},"type":"cond-expr","locations":[{"start":{"line":15,"column":52},"end":{"line":15,"column":55}},{"start":{"line":15,"column":58},"end":{"line":15,"column":61}}],"line":15}},"s":{"0":1,"1":1,"2":1,"3":1,"4":0,"5":0,"6":0,"7":0,"8":0,"9":0,"10":0,"11":0,"12":1},"f":{"0":0},"b":{"0":[0,0],"1":[0,0],"2":[0,0]},"_coverageSchema":"1a1c01bbd47fc00a2c39e90264f33305004495a9","hash":"25e021e2c97b70ec8af884a1b6688eda2c4add7f"}
,"C:\\Users\\rosal\\Documents\\Rosales-api-activity\\src\\routes\\guestRoutes.js": {"path":"C:\\Users\\rosal\\Documents\\Rosales-api-activity\\src\\routes\\guestRoutes.js","statementMap":{"0":{"start":{"line":1,"column":16},"end":{"line":1,"column":34}},"1":{"start":{"line":2,"column":15},"end":{"line":2,"column":31}},"2":{"start":{"line":3,"column":14},"end":{"line":3,"column":45}},"3":{"start":{"line":6,"column":0},"end":{"line":18,"column":3}},"4":{"start":{"line":7,"column":2},"end":{"line":17,"column":3}},"5":{"start":{"line":8,"column":4},"end":{"line":10,"column":5}},"6":{"start":{"line":9,"column":6},"end":{"line":9,"column":77}},"7":{"start":{"line":11,"column":18},"end":{"line":11,"column":46}},"8":{"start":{"line":12,"column":4},"end":{"line":12,"column":32}},"9":{"start":{"line":15,"column":19},"end":{"line":15,"column":61}},"10":{"start":{"line":16,"column":4},"end":{"line":16,"column":52}},"11":{"start":{"line":20,"column":0},"end":{"line":20,"column":24}}},"fnMap":{"0":{"name":"(anonymous_0)","decl":{"start":{"line":6,"column":17},"end":{"line":6,"column":18}},"loc":{"start":{"line":6,"column":37},"end":{"line":18,"column":1}},"line":6}},"branchMap":{"0":{"loc":{"start":{"line":8,"column":4},"end":{"line":10,"column":5}},"type":"if","locations":[{"start":{"line":8,"column":4},"end":{"line":10,"column":5}},{"start":{},"end":{}}],"line":8},"1":{"loc":{"start":{"line":15,"column":19},"end":{"line":15,"column":61}},"type":"cond-expr","locations":[{"start":{"line":15,"column":52},"end":{"line":15,"column":55}},{"start":{"line":15,"column":58},"end":{"line":15,"column":61}}],"line":15}},"s":{"0":1,"1":1,"2":1,"3":1,"4":0,"5":0,"6":0,"7":0,"8":0,"9":0,"10":0,"11":1},"f":{"0":0},"b":{"0":[0,0],"1":[0,0]},"_coverageSchema":"1a1c01bbd47fc00a2c39e90264f33305004495a9","hash":"88305b35ee7244067408394413e75c15735cb334"}
,"C:\\Users\\rosal\\Documents\\Rosales-api-activity\\src\\routes\\roomRoutes.js": {"path":"C:\\Users\\rosal\\Documents\\Rosales-api-activity\\src\\routes\\roomRoutes.js","statementMap":{"0":{"start":{"line":1,"column":16},"end":{"line":1,"column":34}},"1":{"start":{"line":2,"column":15},"end":{"line":2,"column":31}},"2":{"start":{"line":4,"column":29},"end":{"line":4,"column":68}},"3":{"start":{"line":15,"column":4},"end":{"line":15,"column":44}},"4":{"start":{"line":19,"column":0},"end":{"line":19,"column":29}},"5":{"start":{"line":22,"column":0},"end":{"line":22,"column":69}},"6":{"start":{"line":24,"column":0},"end":{"line":24,"column":32}},"7":{"start":{"line":27,"column":0},"end":{"line":27,"column":71}},"8":{"start":{"line":28,"column":0},"end":{"line":28,"column":74}},"9":{"start":{"line":31,"column":0},"end":{"line":31,"column":59}},"10":{"start":{"line":33,"column":0},"end":{"line":33,"column":24}}},"fnMap":{},"branchMap":{},"s":{"0":1,"1":1,"2":1,"3":1,"4":1,"5":1,"6":1,"7":1,"8":1,"9":1,"10":1},"f":{},"b":{},"_coverageSchema":"1a1c01bbd47fc00a2c39e90264f33305004495a9","hash":"d9d2fe2ec0762069d5b8d9dd170cee19d85035f0"}
}
