TN:
SF:server.js
FN:19,(anonymous_0)
FN:28,(anonymous_1)
FNF:2
FNH:0
FNDA:0,(anonymous_0)
FNDA:0,(anonymous_1)
DA:2,1
DA:3,1
DA:4,1
DA:5,1
DA:7,1
DA:8,1
DA:11,1
DA:12,1
DA:15,1
DA:16,1
DA:19,1
DA:20,0
DA:27,1
DA:28,0
DA:29,0
DA:34,1
LF:16
LH:13
BRDA:15,0,0,1
BRDA:15,0,1,0
BRDA:27,1,0,0
BRDA:27,1,1,1
BRDA:28,2,0,0
BRDA:28,2,1,0
BRF:6
BRH:2
end_of_record
TN:
SF:src\config\db.js
FN:3,(anonymous_0)
FNF:1
FNH:1
FNDA:1,(anonymous_0)
DA:1,1
DA:3,1
DA:5,1
DA:6,1
DA:9,0
DA:10,0
DA:12,0
DA:15,0
DA:16,0
DA:20,1
LF:10
LH:5
BRDA:5,0,0,1
BRDA:5,0,1,0
BRF:2
BRH:1
end_of_record
TN:
SF:src\controllers\authController.js
FN:4,(anonymous_0)
FN:10,(anonymous_1)
FN:55,(anonymous_2)
FN:84,(anonymous_3)
FNF:4
FNH:3
FNDA:2,(anonymous_0)
FNDA:1,(anonymous_1)
FNDA:1,(anonymous_2)
FNDA:0,(anonymous_3)
DA:1,1
DA:2,1
DA:4,1
DA:5,2
DA:10,1
DA:11,1
DA:12,1
DA:15,1
DA:16,0
DA:22,1
DA:24,1
DA:25,1
DA:26,0
DA:29,1
DA:35,1
DA:44,0
DA:45,0
DA:48,0
DA:49,0
DA:51,0
DA:55,1
DA:56,1
DA:57,1
DA:60,1
DA:61,0
DA:64,1
DA:66,1
DA:67,1
DA:68,1
DA:76,0
DA:79,0
DA:84,1
DA:85,0
DA:86,0
DA:87,0
DA:88,0
DA:90,0
DA:92,0
LF:38
LH:22
BRDA:15,0,0,0
BRDA:15,0,1,1
BRDA:15,1,0,1
BRDA:15,1,1,1
BRDA:15,1,2,1
BRDA:25,2,0,0
BRDA:25,2,1,1
BRDA:44,3,0,0
BRDA:44,3,1,0
BRDA:48,4,0,0
BRDA:48,4,1,0
BRDA:60,5,0,0
BRDA:60,5,1,1
BRDA:60,6,0,1
BRDA:60,6,1,1
BRDA:67,7,0,1
BRDA:67,7,1,0
BRDA:67,8,0,1
BRDA:67,8,1,1
BRDA:87,9,0,0
BRDA:87,9,1,0
BRF:21
BRH:11
end_of_record
TN:
SF:src\controllers\roomController.js
FN:6,(anonymous_0)
FN:17,(anonymous_1)
FN:40,(anonymous_2)
FN:54,(anonymous_3)
FN:70,(anonymous_4)
FN:82,(anonymous_5)
FNF:6
FNH:2
FNDA:3,(anonymous_0)
FNDA:2,(anonymous_1)
FNDA:0,(anonymous_2)
FNDA:0,(anonymous_3)
FNDA:0,(anonymous_4)
FNDA:0,(anonymous_5)
DA:1,2
DA:6,2
DA:7,3
DA:8,3
DA:9,2
DA:11,1
DA:17,2
DA:18,2
DA:19,2
DA:22,2
DA:23,0
DA:28,2
DA:29,2
DA:31,0
DA:32,0
DA:34,0
DA:40,2
DA:41,0
DA:42,0
DA:43,0
DA:44,0
DA:46,0
DA:48,0
DA:54,2
DA:55,0
DA:56,0
DA:59,0
DA:60,0
DA:62,0
DA:64,0
DA:70,2
DA:71,0
DA:72,0
DA:73,0
DA:74,0
DA:76,0
DA:78,0
DA:82,2
DA:83,0
DA:84,0
DA:89,0
DA:91,0
DA:96,2
LF:43
LH:17
BRDA:22,0,0,0
BRDA:22,0,1,2
BRDA:22,1,0,2
BRDA:22,1,1,2
BRDA:22,1,2,2
BRDA:31,2,0,0
BRDA:31,2,1,0
BRDA:43,3,0,0
BRDA:43,3,1,0
BRDA:59,4,0,0
BRDA:59,4,1,0
BRDA:73,5,0,0
BRDA:73,5,1,0
BRF:13
BRH:4
end_of_record
TN:
SF:src\controllers\test\dbHelper.js
FN:7,(anonymous_0)
FN:24,(anonymous_1)
FN:40,(anonymous_2)
FNF:3
FNH:3
FNDA:1,(anonymous_0)
FNDA:1,(anonymous_1)
FNDA:2,(anonymous_2)
DA:1,1
DA:2,1
DA:7,1
DA:8,1
DA:10,1
DA:11,0
DA:14,1
DA:15,1
DA:16,1
DA:18,0
DA:19,0
DA:24,1
DA:25,1
DA:26,1
DA:27,1
DA:28,1
DA:30,1
DA:31,1
DA:34,0
DA:35,0
DA:40,1
DA:42,2
DA:43,2
DA:44,8
DA:45,8
LF:25
LH:20
BRDA:10,0,0,0
BRDA:10,0,1,1
BRDA:26,1,0,1
BRDA:26,1,1,0
BRDA:30,2,0,1
BRDA:30,2,1,0
BRF:6
BRH:3
end_of_record
TN:
SF:src\middleware\authMiddleware.js
FN:4,(anonymous_0)
FN:33,(anonymous_1)
FN:34,(anonymous_2)
FNF:3
FNH:3
FNDA:3,(anonymous_0)
FNDA:4,(anonymous_1)
FNDA:1,(anonymous_2)
DA:1,2
DA:2,2
DA:4,2
DA:8,3
DA:9,2
DA:13,3
DA:14,0
DA:16,3
DA:17,0
DA:20,3
DA:21,1
DA:24,2
DA:25,2
DA:26,2
DA:27,2
DA:29,0
DA:33,2
DA:34,4
DA:35,1
DA:36,0
DA:39,1
LF:21
LH:17
BRDA:8,0,0,2
BRDA:8,0,1,1
BRDA:8,1,0,3
BRDA:8,1,1,2
BRDA:13,2,0,0
BRDA:13,2,1,3
BRDA:13,3,0,3
BRDA:13,3,1,1
BRDA:13,3,2,1
BRDA:16,4,0,0
BRDA:16,4,1,3
BRDA:16,5,0,3
BRDA:16,5,1,1
BRDA:16,5,2,1
BRDA:20,6,0,1
BRDA:20,6,1,2
BRDA:35,7,0,0
BRDA:35,7,1,1
BRF:18
BRH:15
end_of_record
TN:
SF:src\models\bookingModel.js
FNF:0
FNH:0
DA:1,1
DA:2,1
DA:4,1
DA:24,1
LF:4
LH:4
BRF:0
BRH:0
end_of_record
TN:
SF:src\models\guestModel.js
FNF:0
FNH:0
DA:1,1
DA:3,1
DA:13,1
LF:3
LH:3
BRF:0
BRH:0
end_of_record
TN:
SF:src\models\roomModel.js
FNF:0
FNH:0
DA:1,2
DA:3,2
DA:41,2
LF:3
LH:3
BRF:0
BRH:0
end_of_record
TN:
SF:src\models\userModel.js
FN:31,(anonymous_0)
FN:40,(anonymous_1)
FNF:2
FNH:2
FNDA:1,(anonymous_0)
FNDA:1,(anonymous_1)
DA:1,2
DA:2,2
DA:4,2
DA:31,2
DA:32,1
DA:33,0
DA:36,1
DA:37,1
DA:40,2
DA:41,1
DA:44,2
LF:11
LH:10
BRDA:32,0,0,0
BRDA:32,0,1,1
BRF:2
BRH:1
end_of_record
TN:
SF:src\routes\apiRoutes.js
FNF:0
FNH:0
DA:1,1
DA:2,1
DA:4,1
DA:5,1
DA:6,1
DA:7,1
DA:9,1
DA:10,1
DA:11,1
DA:12,1
DA:14,1
LF:11
LH:11
BRF:0
BRH:0
end_of_record
TN:
SF:src\routes\authRoutes.js
FNF:0
FNH:0
DA:1,1
DA:2,1
DA:3,1
DA:4,1
DA:6,1
DA:7,1
DA:10,1
DA:12,1
LF:8
LH:8
BRF:0
BRH:0
end_of_record
TN:
SF:src\routes\bookingRoutes.js
FN:6,(anonymous_0)
FNF:1
FNH:0
FNDA:0,(anonymous_0)
DA:1,1
DA:2,1
DA:3,1
DA:6,1
DA:7,0
DA:8,0
DA:9,0
DA:10,0
DA:12,0
DA:13,0
DA:15,0
DA:16,0
DA:20,1
LF:13
LH:5
BRDA:9,0,0,0
BRDA:9,0,1,0
BRDA:9,1,0,0
BRDA:9,1,1,0
BRDA:15,2,0,0
BRDA:15,2,1,0
BRF:6
BRH:0
end_of_record
TN:
SF:src\routes\guestRoutes.js
FN:6,(anonymous_0)
FNF:1
FNH:0
FNDA:0,(anonymous_0)
DA:1,1
DA:2,1
DA:3,1
DA:6,1
DA:7,0
DA:8,0
DA:9,0
DA:11,0
DA:12,0
DA:15,0
DA:16,0
DA:20,1
LF:12
LH:5
BRDA:8,0,0,0
BRDA:8,0,1,0
BRDA:15,1,0,0
BRDA:15,1,1,0
BRF:4
BRH:0
end_of_record
TN:
SF:src\routes\roomRoutes.js
FNF:0
FNH:0
DA:1,1
DA:2,1
DA:4,1
DA:15,1
DA:19,1
DA:22,1
DA:24,1
DA:27,1
DA:28,1
DA:31,1
DA:33,1
LF:11
LH:11
BRF:0
BRH:0
end_of_record
