TN:
SF:src\controllers\roomController.js
FN:6,(anonymous_0)
FN:17,(anonymous_1)
FN:40,(anonymous_2)
FN:54,(anonymous_3)
FN:70,(anonymous_4)
FN:82,(anonymous_5)
FNF:6
FNH:2
FNDA:2,(anonymous_0)
FNDA:1,(anonymous_1)
FNDA:0,(anonymous_2)
FNDA:0,(anonymous_3)
FNDA:0,(anonymous_4)
FNDA:0,(anonymous_5)
DA:1,1
DA:6,1
DA:7,2
DA:8,2
DA:9,1
DA:11,1
DA:17,1
DA:18,1
DA:19,1
DA:22,1
DA:23,0
DA:28,1
DA:29,1
DA:31,0
DA:32,0
DA:34,0
DA:40,1
DA:41,0
DA:42,0
DA:43,0
DA:44,0
DA:46,0
DA:48,0
DA:54,1
DA:55,0
DA:56,0
DA:59,0
DA:60,0
DA:62,0
DA:64,0
DA:70,1
DA:71,0
DA:72,0
DA:73,0
DA:74,0
DA:76,0
DA:78,0
DA:82,1
DA:83,0
DA:84,0
DA:89,0
DA:91,0
DA:96,1
LF:43
LH:17
BRDA:22,0,0,0
BRDA:22,0,1,1
BRDA:22,1,0,1
BRDA:22,1,1,1
BRDA:22,1,2,1
BRDA:31,2,0,0
BRDA:31,2,1,0
BRDA:43,3,0,0
BRDA:43,3,1,0
BRDA:59,4,0,0
BRDA:59,4,1,0
BRDA:73,5,0,0
BRDA:73,5,1,0
BRF:13
BRH:4
end_of_record
TN:
SF:src\middleware\authMiddleware.js
FN:4,(anonymous_0)
FN:33,(anonymous_1)
FN:34,(anonymous_2)
FNF:3
FNH:1
FNDA:2,(anonymous_0)
FNDA:0,(anonymous_1)
FNDA:0,(anonymous_2)
DA:1,1
DA:2,1
DA:4,1
DA:8,2
DA:9,1
DA:13,2
DA:14,0
DA:16,2
DA:17,0
DA:20,2
DA:21,1
DA:24,1
DA:25,1
DA:26,1
DA:27,1
DA:29,0
DA:33,1
DA:34,0
DA:35,0
DA:36,0
DA:39,0
LF:21
LH:14
BRDA:8,0,0,1
BRDA:8,0,1,1
BRDA:8,1,0,2
BRDA:8,1,1,1
BRDA:13,2,0,0
BRDA:13,2,1,2
BRDA:13,3,0,2
BRDA:13,3,1,1
BRDA:13,3,2,1
BRDA:16,4,0,0
BRDA:16,4,1,2
BRDA:16,5,0,2
BRDA:16,5,1,1
BRDA:16,5,2,1
BRDA:20,6,0,1
BRDA:20,6,1,1
BRDA:35,7,0,0
BRDA:35,7,1,0
BRF:18
BRH:14
end_of_record
TN:
SF:src\models\roomModel.js
FNF:0
FNH:0
DA:1,1
DA:3,1
DA:41,1
LF:3
LH:3
BRF:0
BRH:0
end_of_record
TN:
SF:src\models\userModel.js
FN:31,(anonymous_0)
FN:40,(anonymous_1)
FNF:2
FNH:0
FNDA:0,(anonymous_0)
FNDA:0,(anonymous_1)
DA:1,1
DA:2,1
DA:4,1
DA:31,1
DA:32,0
DA:33,0
DA:36,0
DA:37,0
DA:40,1
DA:41,0
DA:44,1
LF:11
LH:6
BRDA:32,0,0,0
BRDA:32,0,1,0
BRF:2
BRH:0
end_of_record
